<?xml version="1.0" encoding="UTF-8"?>
<testng-results ignored="0" total="0" passed="0" failed="0" skipped="0">
  <reporter-output>
  </reporter-output>
  <suite started-at="2021-11-02T18:42:37 IST" name="Suite" finished-at="2021-11-02T18:42:37 IST" duration-ms="652">
    <groups>
      <group name="cucumber">
        <method signature="AbstractTestNGCucumberTests.runScenario(io.cucumber.testng.PickleWrapper,io.cucumber.testng.FeatureWrapper)[pri:0, instance:com.mindtree.runnerCucumber.Runner@298a5e20]" name="runScenario" class="io.cucumber.testng.AbstractTestNGCucumberTests"/>
      </group> <!-- cucumber -->
    </groups>
    <test started-at="2021-11-02T18:42:37 IST" name="Test1" finished-at="2021-11-02T18:42:37 IST" duration-ms="652">
      <class name="com.mindtree.runnerCucumber.Runner">
        <test-method is-config="true" signature="setUpClass(org.testng.ITestContext)[pri:0, instance:com.mindtree.runnerCucumber.Runner@298a5e20]" started-at="2021-11-02T18:42:37 IST" name="setUpClass" finished-at="2021-11-02T18:42:37 IST" duration-ms="560" status="PASS">
          <params>
            <param index="0">
              <value>
                <![CDATA[org.testng.TestRunner@b672aa8]]>
              </value>
            </param>
          </params>
          <reporter-output>
          </reporter-output>
        </test-method> <!-- setUpClass -->
        <test-method is-config="true" signature="tearDownClass()[pri:0, instance:com.mindtree.runnerCucumber.Runner@298a5e20]" started-at="2021-11-02T18:42:37 IST" name="tearDownClass" finished-at="2021-11-02T18:42:37 IST" duration-ms="27" status="PASS">
          <reporter-output>
          </reporter-output>
        </test-method> <!-- tearDownClass -->
      </class> <!-- com.mindtree.runnerCucumber.Runner -->
    </test> <!-- Test1 -->
  </suite> <!-- Suite -->
</testng-results>
